
2025-04-16 19:32:00 [INFO][morphoLogic Server]: Server version: 0.1.0
2025-04-16 19:32:00 [INFO][morphoLogic Server]: Waking up laws of nature.
2025-04-16 19:32:00 [DEBUG][morphoLogic Server]: Kafka connection verified.
2025-04-16 19:32:00 [INFO][morphoLogic Server]: Subscribed to Kafka topics "['serverGeneralTopic', 'serverHandshakeTopic']"
2025-04-16 19:34:12 [INFO][morphoLogic Server]: Closed Kafka consumer.
2025-04-16 19:34:12 [INFO][morphoLogic Server]: Flushed Kafka producer.
2025-04-16 19:34:12 [INFO][morphoLogic Server]: Terminating tasks.
2025-04-16 19:34:12 [INFO][morphoLogic Server]: Closed down the morphoLogic Server.
2025-04-16 19:35:19 [INFO][morphoLogic Server]: Server version: 0.1.0
2025-04-16 19:35:19 [INFO][morphoLogic Server]: Waking up laws of nature.
2025-04-16 19:35:19 [DEBUG][morphoLogic Server]: Kafka connection verified.
2025-04-16 19:35:19 [INFO][morphoLogic Server]: Subscribed to Kafka topics "['serverGeneralTopic', 'serverHandshakeTopic']"
2025-04-16 19:51:18 [INFO][morphoLogic Server]: Closed Kafka consumer.
2025-04-16 19:51:18 [INFO][morphoLogic Server]: Flushed Kafka producer.
2025-04-16 19:51:18 [INFO][morphoLogic Server]: Terminating tasks.
2025-04-16 19:51:18 [INFO][morphoLogic Server]: Closed down the morphoLogic Server.
2025-04-16 19:51:21 [INFO][morphoLogic Server]: Server version: 0.1.0
2025-04-16 19:51:21 [INFO][morphoLogic Server]: Waking up laws of nature.
2025-04-16 19:51:21 [DEBUG][morphoLogic Server]: Kafka connection verified.
2025-04-16 19:51:21 [INFO][morphoLogic Server]: Subscribed to Kafka topics "['serverGeneralTopic', 'serverHandshakeTopic']"
2025-04-16 19:52:42 [INFO][morphoLogic Server]: Closed Kafka consumer.
2025-04-16 19:52:42 [INFO][morphoLogic Server]: Flushed Kafka producer.
2025-04-16 19:52:42 [INFO][morphoLogic Server]: Terminating tasks.
2025-04-16 19:52:42 [INFO][morphoLogic Server]: Closed down the morphoLogic Server.
2025-04-16 19:59:58 [INFO][morphoLogic Server]: Closed down the morphoLogic Server.
2025-04-16 20:03:05 [INFO][morphoLogic Server]: Closed down the morphoLogic Server.
2025-04-16 20:04:26 [INFO][morphoLogic Server]: Closed down the morphoLogic Server.
2025-04-16 20:04:32 [INFO][morphoLogic Server]: Server version: 0.1.0
2025-04-16 20:04:32 [INFO][morphoLogic Server]: Waking up laws of nature.
2025-04-16 20:04:32 [DEBUG][morphoLogic Server]: Kafka connection verified.
2025-04-16 20:04:32 [INFO][morphoLogic Server]: Subscribed to Kafka topics "['serverGeneralTopic', 'serverHandshakeTopic']"
2025-04-16 20:05:13 [INFO][morphoLogic Server]: Closed Kafka consumer.
2025-04-16 20:05:13 [INFO][morphoLogic Server]: Flushed Kafka producer.
2025-04-16 20:05:13 [INFO][morphoLogic Server]: Terminating tasks.
2025-04-16 20:05:13 [INFO][morphoLogic Server]: Closed down the morphoLogic Server.
2025-04-16 20:38:11 [INFO][morphoLogic Server]: Closed down the morphoLogic Server.
2025-04-16 20:42:32 [INFO][morphoLogic Server]: Closed down the morphoLogic Server.
2025-04-16 20:45:15 [INFO][morphoLogic Server]: Closed down the morphoLogic Server.
2025-04-16 20:46:03 [INFO][morphoLogic Server]: Closed down the morphoLogic Server.
2025-04-16 20:50:19 [INFO][morphoLogic Server]: Closed down the morphoLogic Server.
2025-04-16 20:52:26 [WARNING][morphoLogic Server]: Invalid object ID format: #. Expected format: #[int].
2025-04-16 20:57:48 [INFO][morphoLogic Server]: Closed down the morphoLogic Server.
2025-04-16 20:59:37 [INFO][morphoLogic Server]: Closed down the morphoLogic Server.
2025-04-16 21:00:55 [INFO][morphoLogic Server]: Closed down the morphoLogic Server.
2025-04-16 21:03:10 [INFO][morphoLogic Server]: Closed down the morphoLogic Server.
2025-04-16 21:34:38 [INFO][morphoLogic Server]: Closed down the morphoLogic Server.
2025-04-16 21:42:22 [INFO][morphoLogic Server]: Closed down the morphoLogic Server.
2025-04-16 21:43:44 [INFO][morphoLogic Server]: Closed down the morphoLogic Server.
2025-04-16 21:57:23 [INFO][morphoLogic Server]: Closed down the morphoLogic Server.
2025-04-16 22:11:21 [INFO][morphoLogic Server]: Closed down the morphoLogic Server.
2025-04-16 22:12:47 [INFO][morphoLogic Server]: Closed down the morphoLogic Server.
2025-04-16 22:16:20 [INFO][morphoLogic Server]: Closed down the morphoLogic Server.
2025-04-16 22:17:54 [INFO][morphoLogic Server]: Closed down the morphoLogic Server.
2025-04-16 22:28:38 [INFO][morphoLogic Server]: Closed down the morphoLogic Server.
2025-04-16 22:29:41 [INFO][morphoLogic Server]: Closed down the morphoLogic Server.
2025-04-16 22:32:13 [INFO][morphoLogic Server]: Closed down the morphoLogic Server.
2025-04-16 22:39:15 [INFO][morphoLogic Server]: Closed down the morphoLogic Server.
2025-04-16 22:40:53 [WARNING][morphoLogic Server]: Failed to get stored items for game object 8: Parent instance <CharacterDB at 0x73be09b9fb60> is not bound to a Session; lazy load operation of attribute 'stored' cannot proceed (Background on this error at: https://sqlalche.me/e/20/bhk3)
2025-04-16 22:45:23 [INFO][morphoLogic Server]: Closed down the morphoLogic Server.
2025-04-17 16:35:06 [INFO][morphoLogic Server]: Closed down the morphoLogic Server.
2025-04-17 16:54:04 [INFO][morphoLogic Server]: Closed down the morphoLogic Server.
2025-04-17 17:13:46 [INFO][morphoLogic Server]: Closed down the morphoLogic Server.
2025-04-17 17:21:26 [INFO][morphoLogic Server]: Closed down the morphoLogic Server.
2025-04-17 17:24:48 [INFO][morphoLogic Server]: Closed down the morphoLogic Server.
2025-04-17 17:35:38 [INFO][morphoLogic Server]: Closed down the morphoLogic Server.
2025-04-17 17:40:44 [INFO][morphoLogic Server]: Closed down the morphoLogic Server.
